<?xml version="1.0" encoding="UTF-8"?>
<!-- Generated by org.testng.reporters.JUnitReportReporter -->
<testsuite hostname="win7-PC" failures="0" tests="1" name="testcases.RunTestPages" time="14.235" errors="0" timestamp="2021-12-05T22:33:40 ICT" skipped="0">
  <testcase classname="testcases.RunTestPages" name="SearchBox" time="14.235"/>
  <system-out/>
</testsuite> <!-- testcases.RunTestPages -->
